<?xml version="1.0" encoding="UTF-8"?>
<!-- Generated by org.testng.reporters.JUnitReportReporter -->
<testsuite hostname="LIN-5CG1347NLW" failures="0" tests="1" name="BDDBackTestNg.BDDBackTestNg.AppTest" time="0.094" errors="0" timestamp="2023-11-20T11:35:51 IST" skipped="0">
  <testcase classname="BDDBackTestNg.BDDBackTestNg.AppTest" name="runScenario" time="0.094"/>
  <system-out/>
</testsuite> <!-- BDDBackTestNg.BDDBackTestNg.AppTest -->
